  main.cpp
main.cpp(192): warning C4101: 'vx': unreferenced local variable
main.cpp(192): warning C4101: 'vy': unreferenced local variable
main.cpp(192): warning C4101: 'vz': unreferenced local variable
main.cpp(286): warning C4101: 'vx': unreferenced local variable
main.cpp(286): warning C4101: 'vy': unreferenced local variable
main.cpp(286): warning C4101: 'vz': unreferenced local variable
main.cpp(608): warning C4305: 'argument': truncation from 'double' to 'float'
main.cpp(747): warning C4244: '=': conversion from 'int' to 'GLfloat', possible loss of data
main.cpp(748): warning C4244: '=': conversion from 'int' to 'GLfloat', possible loss of data
main.cpp(754): warning C4305: '+=': truncation from 'double' to 'GLfloat'
main.cpp(755): warning C4305: '+=': truncation from 'double' to 'GLfloat'
main.cpp(756): warning C4305: '+=': truncation from 'double' to 'GLfloat'
main.cpp(757): warning C4305: '+=': truncation from 'double' to 'GLfloat'
main.cpp(763): warning C4305: '-=': truncation from 'double' to 'GLfloat'
main.cpp(764): warning C4305: '-=': truncation from 'double' to 'GLfloat'
main.cpp(765): warning C4305: '-=': truncation from 'double' to 'GLfloat'
main.cpp(766): warning C4305: '-=': truncation from 'double' to 'GLfloat'
main.cpp(785): warning C4244: '=': conversion from 'GLint' to 'GLfloat', possible loss of data
main.cpp(787): warning C4244: '=': conversion from 'GLint' to 'GLfloat', possible loss of data
main.cpp(798): warning C4244: '=': conversion from 'GLint' to 'GLfloat', possible loss of data
main.cpp(800): warning C4244: '=': conversion from 'GLint' to 'GLfloat', possible loss of data
main.cpp(811): warning C4244: '=': conversion from 'GLint' to 'GLfloat', possible loss of data
main.cpp(813): warning C4244: '=': conversion from 'GLint' to 'GLfloat', possible loss of data
main.cpp(822): warning C4244: '=': conversion from 'GLint' to 'GLfloat', possible loss of data
main.cpp(823): warning C4244: '=': conversion from 'GLint' to 'GLfloat', possible loss of data
main.cpp(833): warning C4244: '=': conversion from 'GLint' to 'GLfloat', possible loss of data
main.cpp(834): warning C4244: '=': conversion from 'GLint' to 'GLfloat', possible loss of data
main.cpp(844): warning C4244: '=': conversion from 'GLint' to 'GLfloat', possible loss of data
main.cpp(845): warning C4244: '=': conversion from 'GLint' to 'GLfloat', possible loss of data
main.cpp(865): warning C4244: '=': conversion from 'int' to 'GLfloat', possible loss of data
main.cpp(866): warning C4244: '=': conversion from 'int' to 'GLfloat', possible loss of data
  Generating code
  2 of 66 functions ( 3.0%) were compiled, the rest were copied from previous compilation.
    0 functions were new in current compilation
    0 functions had inline decision re-evaluated but remain unchanged
  Finished generating code
  CG_HW2.vcxproj -> C:\Users\AndyLiu\Desktop\computer graphic\CG_HW2\CG_HW2\Release\CG_HW2.exe
  CG_HW2.vcxproj -> C:\Users\AndyLiu\Desktop\computer graphic\CG_HW2\CG_HW2\Release\CG_HW2.pdb (Full PDB)
